2016-12-22 11:00:14 FAIL : req http://item.tuhu.cn/List/Tires/1/CP_Tire_AspectRatio=60&CP_Tire_Rim=20&CP_Tire_Width=215.html#ProductFilter proxy=, err= <class 'pycurl.error'> (28, 'Connection timed out after 30000 milliseconds')
2016-12-23 10:48:13 FAIL : req http://item.tuhu.cn/List/Tires/1/CP_Tire_AspectRatio=105&CP_Tire_Rim=14&CP_Tire_Width=215.html#ProductFilter proxy=, err= <class 'pycurl.error'> (28, 'Connection timed out after 30001 milliseconds')
2016-12-23 10:49:15 FAIL : req http://item.tuhu.cn/List/Tires/1/CP_Tire_AspectRatio=55Z&CP_Tire_Rim=21&CP_Tire_Width=215.html#ProductFilter proxy=, err= <class 'pycurl.error'> (28, 'Connection timed out after 30000 milliseconds')
2016-12-23 10:50:01 FAIL : req http://item.tuhu.cn/List/Tires/1/CP_Tire_AspectRatio=55Z&CP_Tire_Rim=V&CP_Tire_Width=215.html#ProductFilter proxy=, err= <class 'pycurl.error'> (28, 'Connection timed out after 30000 milliseconds')
2016-12-23 10:51:08 FAIL : req http://item.tuhu.cn/List/Tires/1/CP_Tire_AspectRatio=55&CP_Tire_Rim=12C&CP_Tire_Width=215.html#ProductFilter proxy=, err= <class 'pycurl.error'> (28, 'Connection timed out after 30001 milliseconds')
2016-12-23 10:54:19 FAIL : req http://item.tuhu.cn/List/Tires/1/CP_Tire_AspectRatio=35&CP_Tire_Rim=13&CP_Tire_Width=215.html#ProductFilter proxy=, err= <class 'pycurl.error'> (28, 'Connection timed out after 30000 milliseconds')
2016-12-23 11:02:01 FAIL : req http://item.tuhu.cn/List/Tires/1/CP_Tire_AspectRatio=45&CP_Tire_Rim=15&CP_Tire_Width=155.html#ProductFilter proxy=, err= <class 'pycurl.error'> (28, 'Connection timed out after 30000 milliseconds')
2016-12-23 11:05:56 FAIL : req http://item.tuhu.cn/List/Tires/1/CP_Tire_AspectRatio=105&CP_Tire_Rim=11&CP_Tire_Width=155.html#ProductFilter proxy=, err= <class 'pycurl.error'> (28, 'Connection timed out after 30001 milliseconds')
2016-12-23 11:13:00 FAIL : req http://item.tuhu.cn/List/Tires/1/CP_Tire_AspectRatio=25&CP_Tire_Rim=17&CP_Tire_Width=210.html#ProductFilter proxy=, err= <class 'pycurl.error'> (28, 'Connection timed out after 30001 milliseconds')
2016-12-23 11:14:34 FAIL : req http://item.tuhu.cn/List/Tires/1/CP_Tire_AspectRatio=790&CP_Tire_Rim=V&CP_Tire_Width=210.html#ProductFilter proxy=, err= <class 'pycurl.error'> (28, 'Connection timed out after 30001 milliseconds')
2016-12-23 11:15:46 FAIL : req http://item.tuhu.cn/List/Tires/1/CP_Tire_AspectRatio=11.5&CP_Tire_Rim=13&CP_Tire_Width=210.html#ProductFilter proxy=, err= <class 'pycurl.error'> (28, 'Connection timed out after 30001 milliseconds')
2016-12-23 11:16:17 FAIL : req http://item.tuhu.cn/List/Tires/1/CP_Tire_AspectRatio=11.5&CP_Tire_Rim=13&CP_Tire_Width=210.html#ProductFilter proxy=, err= <class 'pycurl.error'> (28, 'Connection timed out after 30001 milliseconds')
2016-12-23 11:17:52 FAIL : req http://item.tuhu.cn/List/Tires/1/CP_Tire_AspectRatio=40&CP_Tire_Rim=26&CP_Tire_Width=210.html#ProductFilter proxy=, err= <class 'pycurl.error'> (28, 'Connection timed out after 30000 milliseconds')
2016-12-23 11:18:24 FAIL : req http://item.tuhu.cn/List/Tires/1/CP_Tire_AspectRatio=40&CP_Tire_Rim=12C&CP_Tire_Width=210.html#ProductFilter proxy=, err= <class 'pycurl.error'> (28, 'Connection timed out after 30000 milliseconds')
2016-12-23 11:19:09 FAIL : req http://item.tuhu.cn/List/Tires/1/CP_Tire_AspectRatio=40&CP_Tire_Rim=14C&CP_Tire_Width=210.html#ProductFilter proxy=, err= <class 'pycurl.error'> (28, 'Connection timed out after 30000 milliseconds')
2016-12-23 11:19:55 FAIL : req http://item.tuhu.cn/List/Tires/1/CP_Tire_AspectRatio=9.5&CP_Tire_Rim=13LT&CP_Tire_Width=210.html#ProductFilter proxy=, err= <class 'pycurl.error'> (28, 'Connection timed out after 30001 milliseconds')
2016-12-23 11:20:26 FAIL : req http://item.tuhu.cn/List/Tires/1/CP_Tire_AspectRatio=9.5&CP_Tire_Rim=13LT&CP_Tire_Width=210.html#ProductFilter proxy=, err= <class 'pycurl.error'> (28, 'Connection timed out after 30001 milliseconds')
2016-12-23 11:23:17 FAIL : req http://item.tuhu.cn/List/Tires/1/CP_Tire_AspectRatio=105&CP_Tire_Rim=23&CP_Tire_Width=210.html#ProductFilter proxy=, err= <class 'pycurl.error'> (28, 'Connection timed out after 30001 milliseconds')
2016-12-23 11:24:00 FAIL : req http://item.tuhu.cn/List/Tires/1/CP_Tire_AspectRatio=105&CP_Tire_Rim=13&CP_Tire_Width=210.html#ProductFilter proxy=, err= <class 'pycurl.error'> (28, 'Connection timed out after 30000 milliseconds')
2016-12-23 11:25:10 FAIL : req http://item.tuhu.cn/List/Tires/1/CP_Tire_AspectRatio=55Z&CP_Tire_Rim=19&CP_Tire_Width=210.html#ProductFilter proxy=, err= <class 'pycurl.error'> (28, 'Connection timed out after 30000 milliseconds')
2016-12-23 11:30:24 FAIL : req http://item.tuhu.cn/List/Tires/1/CP_Tire_AspectRatio=80&CP_Tire_Rim=540&CP_Tire_Width=335.html#ProductFilter proxy=, err= <class 'pycurl.error'> (28, 'Connection timed out after 30000 milliseconds')
2016-12-23 11:30:56 FAIL : req http://item.tuhu.cn/List/Tires/1/CP_Tire_AspectRatio=80&CP_Tire_Rim=16C&CP_Tire_Width=335.html#ProductFilter proxy=, err= <class 'pycurl.error'> (28, 'Connection timed out after 30000 milliseconds')
2016-12-23 11:31:28 FAIL : req http://item.tuhu.cn/List/Tires/1/CP_Tire_AspectRatio=80&CP_Tire_Rim=16.5&CP_Tire_Width=335.html#ProductFilter proxy=, err= <class 'pycurl.error'> (28, 'Connection timed out after 30000 milliseconds')
2016-12-23 11:36:03 FAIL : req http://item.tuhu.cn/List/Tires/1/CP_Tire_AspectRatio=9.5&CP_Tire_Rim=45&CP_Tire_Width=335.html#ProductFilter proxy=, err= <class 'pycurl.error'> (28, 'Connection timed out after 30001 milliseconds')
2016-12-23 11:36:34 FAIL : req http://item.tuhu.cn/List/Tires/1/CP_Tire_AspectRatio=9.5&CP_Tire_Rim=45&CP_Tire_Width=335.html#ProductFilter proxy=, err= <class 'pycurl.error'> (28, 'Connection timed out after 30001 milliseconds')
2016-12-23 11:47:32 FAIL : req http://item.tuhu.cn/List/Tires/1/CP_Tire_AspectRatio=11.5&CP_Tire_Rim=V&CP_Tire_Width=196.html#ProductFilter proxy=, err= <class 'pycurl.error'> (28, 'Connection timed out after 30001 milliseconds')
2016-12-23 11:48:08 FAIL : req http://item.tuhu.cn/List/Tires/1/CP_Tire_AspectRatio=11.5&CP_Tire_Rim=15&CP_Tire_Width=196.html#ProductFilter proxy=, err= <class 'pycurl.error'> (28, 'Connection timed out after 30001 milliseconds')
2016-12-23 11:48:54 FAIL : req http://item.tuhu.cn/List/Tires/1/CP_Tire_AspectRatio=45&CP_Tire_Rim=21&CP_Tire_Width=196.html#ProductFilter proxy=, err= <class 'pycurl.error'> (28, 'Connection timed out after 30001 milliseconds')
2016-12-23 11:49:25 FAIL : req http://item.tuhu.cn/List/Tires/1/CP_Tire_AspectRatio=45&CP_Tire_Rim=21&CP_Tire_Width=196.html#ProductFilter proxy=, err= <class 'pycurl.error'> (28, 'Connection timed out after 30001 milliseconds')
2016-12-23 11:50:10 FAIL : req http://item.tuhu.cn/List/Tires/1/CP_Tire_AspectRatio=45&CP_Tire_Rim=13&CP_Tire_Width=196.html#ProductFilter proxy=, err= <class 'pycurl.error'> (28, 'Connection timed out after 30000 milliseconds')
2016-12-23 11:53:42 FAIL : req http://item.tuhu.cn/List/Tires/1/CP_Tire_AspectRatio=50Z&CP_Tire_Rim=14&CP_Tire_Width=196.html#ProductFilter proxy=, err= <class 'pycurl.error'> (28, 'Connection timed out after 30001 milliseconds')
2016-12-23 11:55:29 FAIL : req http://item.tuhu.cn/List/Tires/1/CP_Tire_AspectRatio=105&CP_Tire_Rim=12&CP_Tire_Width=196.html#ProductFilter proxy=, err= <class 'pycurl.error'> (28, 'Connection timed out after 30000 milliseconds')
2016-12-23 11:56:32 FAIL : req http://item.tuhu.cn/List/Tires/1/CP_Tire_AspectRatio=55Z&CP_Tire_Rim=V&CP_Tire_Width=196.html#ProductFilter proxy=, err= <class 'pycurl.error'> (28, 'Connection timed out after 30001 milliseconds')
2016-12-23 11:57:03 FAIL : req http://item.tuhu.cn/List/Tires/1/CP_Tire_AspectRatio=55Z&CP_Tire_Rim=V&CP_Tire_Width=196.html#ProductFilter proxy=, err= <class 'pycurl.error'> (28, 'Connection timed out after 30001 milliseconds')
2016-12-23 11:57:36 FAIL : req http://item.tuhu.cn/List/Tires/1/CP_Tire_AspectRatio=55Z&CP_Tire_Rim=13C&CP_Tire_Width=196.html#ProductFilter proxy=, err= <class 'pycurl.error'> (28, 'Connection timed out after 30001 milliseconds')
2016-12-23 11:58:07 FAIL : req http://item.tuhu.cn/List/Tires/1/CP_Tire_AspectRatio=55Z&CP_Tire_Rim=13C&CP_Tire_Width=196.html#ProductFilter proxy=, err= <class 'pycurl.error'> (28, 'Connection timed out after 30000 milliseconds')
2016-12-23 11:58:38 FAIL : req http://item.tuhu.cn/List/Tires/1/CP_Tire_AspectRatio=55Z&CP_Tire_Rim=13C&CP_Tire_Width=196.html#ProductFilter proxy=, err= <class 'pycurl.error'> (28, 'Connection timed out after 30000 milliseconds')
2016-12-23 11:59:10 FAIL : req http://item.tuhu.cn/List/Tires/1/CP_Tire_AspectRatio=55Z&CP_Tire_Rim=13&CP_Tire_Width=196.html#ProductFilter proxy=, err= <class 'pycurl.error'> (28, 'Connection timed out after 30000 milliseconds')
2016-12-23 11:59:48 FAIL : req http://item.tuhu.cn/List/Tires/1/CP_Tire_AspectRatio=55Z&CP_Tire_Rim=17&CP_Tire_Width=196.html#ProductFilter proxy=, err= <class 'pycurl.error'> (28, 'Connection timed out after 30000 milliseconds')
2016-12-23 12:00:20 FAIL : req http://item.tuhu.cn/List/Tires/1/CP_Tire_AspectRatio=55Z&CP_Tire_Rim=16&CP_Tire_Width=196.html#ProductFilter proxy=, err= <class 'pycurl.error'> (28, 'Connection timed out after 30001 milliseconds')
2016-12-23 12:00:54 FAIL : req http://item.tuhu.cn/List/Tires/1/CP_Tire_AspectRatio=55Z&CP_Tire_Rim=18&CP_Tire_Width=196.html#ProductFilter proxy=, err= <class 'pycurl.error'> (28, 'Connection timed out after 30000 milliseconds')
2016-12-23 12:01:45 FAIL : req http://item.tuhu.cn/List/Tires/1/CP_Tire_AspectRatio=55&CP_Tire_Rim=28&CP_Tire_Width=196.html#ProductFilter proxy=, err= <class 'pycurl.error'> (28, 'Connection timed out after 30001 milliseconds')
2016-12-23 12:02:23 FAIL : req http://item.tuhu.cn/List/Tires/1/CP_Tire_AspectRatio=55&CP_Tire_Rim=V&CP_Tire_Width=196.html#ProductFilter proxy=, err= <class 'pycurl.error'> (28, 'Connection timed out after 30000 milliseconds')
2016-12-23 12:02:54 FAIL : req http://item.tuhu.cn/List/Tires/1/CP_Tire_AspectRatio=55&CP_Tire_Rim=V&CP_Tire_Width=196.html#ProductFilter proxy=, err= <class 'pycurl.error'> (28, 'Connection timed out after 30000 milliseconds')
2016-12-23 12:04:36 FAIL : req http://item.tuhu.cn/List/Tires/1/CP_Tire_AspectRatio=50&CP_Tire_Rim=16C&CP_Tire_Width=196.html#ProductFilter proxy=, err= <class 'pycurl.error'> (28, 'Connection timed out after 30001 milliseconds')
2016-12-23 12:05:30 FAIL : req http://item.tuhu.cn/List/Tires/1/CP_Tire_AspectRatio=50&CP_Tire_Rim=15&CP_Tire_Width=196.html#ProductFilter proxy=, err= <class 'pycurl.error'> (28, 'Connection timed out after 30001 milliseconds')
2016-12-23 12:06:01 FAIL : req http://item.tuhu.cn/List/Tires/1/CP_Tire_AspectRatio=50&CP_Tire_Rim=15&CP_Tire_Width=196.html#ProductFilter proxy=, err= <class 'pycurl.error'> (28, 'Connection timed out after 30000 milliseconds')
2016-12-23 12:06:46 FAIL : req http://item.tuhu.cn/List/Tires/1/CP_Tire_AspectRatio=50&CP_Tire_Rim=15C&CP_Tire_Width=196.html#ProductFilter proxy=, err= <class 'pycurl.error'> (28, 'Connection timed out after 30001 milliseconds')
2016-12-23 12:30:36 FAIL : req http://item.tuhu.cn/List/Tires/1/CP_Tire_AspectRatio=35&CP_Tire_Rim=13LT&CP_Tire_Width=315.html#ProductFilter proxy=, err= <class 'pycurl.error'> (28, 'Connection timed out after 30000 milliseconds')
2016-12-23 12:31:14 FAIL : req http://item.tuhu.cn/List/Tires/1/CP_Tire_AspectRatio=35&CP_Tire_Rim=22&CP_Tire_Width=315.html#ProductFilter proxy=, err= <class 'pycurl.error'> (28, 'Connection timed out after 30001 milliseconds')
2016-12-23 12:37:32 FAIL : req http://item.tuhu.cn/List/Tires/1/CP_Tire_AspectRatio=45&CP_Tire_Rim=11&CP_Tire_Width=33x12.5.html#ProductFilter proxy=, err= <class 'pycurl.error'> (28, 'Connection timed out after 30000 milliseconds')
2016-12-23 12:39:13 FAIL : req http://item.tuhu.cn/List/Tires/1/CP_Tire_AspectRatio=9.5&CP_Tire_Rim=V&CP_Tire_Width=33x12.5.html#ProductFilter proxy=, err= <class 'pycurl.error'> (28, 'Connection timed out after 30000 milliseconds')
2016-12-23 12:39:58 FAIL : req http://item.tuhu.cn/List/Tires/1/CP_Tire_AspectRatio=9.5&CP_Tire_Rim=14&CP_Tire_Width=33x12.5.html#ProductFilter proxy=, err= <class 'pycurl.error'> (28, 'Connection timed out after 30001 milliseconds')
2016-12-23 12:44:20 FAIL : req http://item.tuhu.cn/List/Tires/1/CP_Tire_AspectRatio=55&CP_Tire_Rim=13&CP_Tire_Width=33x12.5.html#ProductFilter proxy=, err= <class 'pycurl.error'> (28, 'Connection timed out after 30001 milliseconds')
2016-12-23 12:44:54 FAIL : req http://item.tuhu.cn/List/Tires/1/CP_Tire_AspectRatio=55&CP_Tire_Rim=14&CP_Tire_Width=33x12.5.html#ProductFilter proxy=, err= <class 'pycurl.error'> (28, 'Connection timed out after 30000 milliseconds')
2016-12-23 12:45:29 FAIL : req http://item.tuhu.cn/List/Tires/1/CP_Tire_AspectRatio=55&CP_Tire_Rim=19&CP_Tire_Width=33x12.5.html#ProductFilter proxy=, err= <class 'pycurl.error'> (28, 'Connection timed out after 30001 milliseconds')
2016-12-23 12:52:29 FAIL : req http://item.tuhu.cn/List/Tires/1/CP_Tire_AspectRatio=10.5&CP_Tire_Rim=19&CP_Tire_Width=37X.html#ProductFilter proxy=, err= <class 'pycurl.error'> (28, 'Connection timed out after 30001 milliseconds')
2016-12-23 12:56:28 FAIL : req http://item.tuhu.cn/List/Tires/1/CP_Tire_AspectRatio=50Z&CP_Tire_Rim=26&CP_Tire_Width=37X.html#ProductFilter proxy=, err= <class 'pycurl.error'> (28, 'Connection timed out after 30000 milliseconds')
2016-12-23 12:57:10 FAIL : req http://item.tuhu.cn/List/Tires/1/CP_Tire_AspectRatio=50Z&CP_Tire_Rim=28&CP_Tire_Width=37X.html#ProductFilter proxy=, err= <class 'pycurl.error'> (28, 'Connection timed out after 30001 milliseconds')
2016-12-23 12:59:35 FAIL : req http://item.tuhu.cn/List/Tires/1/CP_Tire_AspectRatio=55Z&CP_Tire_Rim=11&CP_Tire_Width=37X.html#ProductFilter proxy=, err= <class 'pycurl.error'> (28, 'Connection timed out after 30000 milliseconds')
2016-12-23 13:00:06 FAIL : req http://item.tuhu.cn/List/Tires/1/CP_Tire_AspectRatio=55Z&CP_Tire_Rim=11&CP_Tire_Width=37X.html#ProductFilter proxy=, err= <class 'pycurl.error'> (28, 'Connection timed out after 30001 milliseconds')
2016-12-23 13:02:55 FAIL : req http://item.tuhu.cn/List/Tires/1/CP_Tire_AspectRatio=50&CP_Tire_Rim=22&CP_Tire_Width=37X.html#ProductFilter proxy=, err= <class 'pycurl.error'> (28, 'Connection timed out after 30000 milliseconds')
2016-12-23 13:05:48 FAIL : req http://item.tuhu.cn/List/Tires/1/CP_Tire_AspectRatio=16&CP_Tire_Rim=15C&CP_Tire_Width=37X.html#ProductFilter proxy=, err= <class 'pycurl.error'> (28, 'Connection timed out after 30000 milliseconds')
2016-12-23 13:06:19 FAIL : req http://item.tuhu.cn/List/Tires/1/CP_Tire_AspectRatio=16&CP_Tire_Rim=15C&CP_Tire_Width=37X.html#ProductFilter proxy=, err= <class 'pycurl.error'> (28, 'Connection timed out after 30001 milliseconds')
2016-12-23 13:07:04 FAIL : req http://item.tuhu.cn/List/Tires/1/CP_Tire_AspectRatio=60&CP_Tire_Rim=20&CP_Tire_Width=275.html#ProductFilter proxy=, err= <class 'pycurl.error'> (28, 'Connection timed out after 30000 milliseconds')
2016-12-23 13:07:35 FAIL : req http://item.tuhu.cn/List/Tires/1/CP_Tire_AspectRatio=60&CP_Tire_Rim=20&CP_Tire_Width=275.html#ProductFilter proxy=, err= <class 'pycurl.error'> (28, 'Connection timed out after 30000 milliseconds')
2016-12-23 13:13:13 FAIL : req http://item.tuhu.cn/List/Tires/1/CP_Tire_AspectRatio=45&CP_Tire_Rim=24&CP_Tire_Width=275.html#ProductFilter proxy=, err= <class 'pycurl.error'> (28, 'Connection timed out after 30001 milliseconds')
2016-12-23 13:24:55 FAIL : req http://item.tuhu.cn/List/Tires/1/CP_Tire_AspectRatio=11.5&CP_Tire_Rim=11&CP_Tire_Width=235.html#ProductFilter proxy=, err= <class 'pycurl.error'> (28, 'Connection timed out after 30000 milliseconds')
2016-12-23 13:30:16 FAIL : req http://item.tuhu.cn/List/Tires/1/CP_Tire_AspectRatio=55&CP_Tire_Rim=20&CP_Tire_Width=235.html#ProductFilter proxy=, err= <class 'pycurl.error'> (28, 'Connection timed out after 30001 milliseconds')
2016-12-23 13:30:49 FAIL : req http://item.tuhu.cn/List/Tires/1/CP_Tire_AspectRatio=55&CP_Tire_Rim=21&CP_Tire_Width=235.html#ProductFilter proxy=, err= <class 'pycurl.error'> (28, 'Connection timed out after 30001 milliseconds')
2016-12-23 13:31:22 FAIL : req http://item.tuhu.cn/List/Tires/1/CP_Tire_AspectRatio=55&CP_Tire_Rim=23&CP_Tire_Width=235.html#ProductFilter proxy=, err= <class 'pycurl.error'> (28, 'Connection timed out after 30001 milliseconds')
2016-12-23 13:41:04 FAIL : req http://item.tuhu.cn/List/Tires/1/CP_Tire_AspectRatio=9.5&CP_Tire_Rim=17&CP_Tire_Width=175.html#ProductFilter proxy=, err= <class 'pycurl.error'> (28, 'Connection timed out after 30001 milliseconds')
2016-12-23 13:41:42 FAIL : req http://item.tuhu.cn/List/Tires/1/CP_Tire_AspectRatio=75&CP_Tire_Rim=24&CP_Tire_Width=175.html#ProductFilter proxy=, err= <class 'pycurl.error'> (28, 'Connection timed out after 30001 milliseconds')
2016-12-23 13:42:25 FAIL : req http://item.tuhu.cn/List/Tires/1/CP_Tire_AspectRatio=75&CP_Tire_Rim=16C&CP_Tire_Width=175.html#ProductFilter proxy=, err= <class 'pycurl.error'> (28, 'Connection timed out after 30001 milliseconds')
2016-12-23 13:45:50 FAIL : req http://item.tuhu.cn/List/Tires/1/CP_Tire_AspectRatio=55&CP_Tire_Rim=13LT&CP_Tire_Width=175.html#ProductFilter proxy=, err= <class 'pycurl.error'> (28, 'Connection timed out after 30001 milliseconds')
2016-12-23 13:51:36 FAIL : req http://item.tuhu.cn/List/Tires/1/CP_Tire_AspectRatio=85&CP_Tire_Rim=19&CP_Tire_Width=225.html#ProductFilter proxy=, err= <class 'pycurl.error'> (28, 'Connection timed out after 30001 milliseconds')
2016-12-23 13:52:59 FAIL : req http://item.tuhu.cn/List/Tires/1/CP_Tire_AspectRatio=10.5&CP_Tire_Rim=45&CP_Tire_Width=225.html#ProductFilter proxy=, err= <class 'pycurl.error'> (28, 'Connection timed out after 30001 milliseconds')
2016-12-23 13:57:25 FAIL : req http://item.tuhu.cn/List/Tires/1/CP_Tire_AspectRatio=75&CP_Tire_Rim=14&CP_Tire_Width=225.html#ProductFilter proxy=, err= <class 'pycurl.error'> (28, 'Connection timed out after 30000 milliseconds')
2016-12-23 13:59:21 FAIL : req http://item.tuhu.cn/List/Tires/1/CP_Tire_AspectRatio=105&CP_Tire_Rim=16C&CP_Tire_Width=225.html#ProductFilter proxy=, err= <class 'pycurl.error'> (28, 'Connection timed out after 30001 milliseconds')
2016-12-23 13:59:58 FAIL : req http://item.tuhu.cn/List/Tires/1/CP_Tire_AspectRatio=105&CP_Tire_Rim=13C&CP_Tire_Width=225.html#ProductFilter proxy=, err= <class 'pycurl.error'> (28, 'Connection timed out after 30000 milliseconds')
2016-12-23 14:00:30 FAIL : req http://item.tuhu.cn/List/Tires/1/CP_Tire_AspectRatio=105&CP_Tire_Rim=13&CP_Tire_Width=225.html#ProductFilter proxy=, err= <class 'pycurl.error'> (28, 'Connection timed out after 30001 milliseconds')
2016-12-23 14:01:29 FAIL : req http://item.tuhu.cn/List/Tires/1/CP_Tire_AspectRatio=55Z&CP_Tire_Rim=12C&CP_Tire_Width=225.html#ProductFilter proxy=, err= <class 'pycurl.error'> (28, 'Connection timed out after 30001 milliseconds')
2016-12-23 14:02:11 FAIL : req http://item.tuhu.cn/List/Tires/1/CP_Tire_AspectRatio=55Z&CP_Tire_Rim=16.5&CP_Tire_Width=225.html#ProductFilter proxy=, err= <class 'pycurl.error'> (28, 'Connection timed out after 30000 milliseconds')
2016-12-23 14:29:31 FAIL : req http://item.tuhu.cn/List/Tires/1/CP_Tire_AspectRatio=35&CP_Tire_Rim=13LT&CP_Tire_Width=30X.html#ProductFilter proxy=, err= <class 'pycurl.error'> (28, 'Connection timed out after 30000 milliseconds')
2016-12-23 14:30:08 FAIL : req http://item.tuhu.cn/List/Tires/1/CP_Tire_AspectRatio=35&CP_Tire_Rim=21&CP_Tire_Width=30X.html#ProductFilter proxy=, err= <class 'pycurl.error'> (28, 'Connection timed out after 30001 milliseconds')
2016-12-23 14:30:39 FAIL : req http://item.tuhu.cn/List/Tires/1/CP_Tire_AspectRatio=35&CP_Tire_Rim=21&CP_Tire_Width=30X.html#ProductFilter proxy=, err= <class 'pycurl.error'> (28, 'Connection timed out after 30001 milliseconds')
2016-12-23 14:40:49 FAIL : req http://item.tuhu.cn/List/Tires/1/CP_Tire_AspectRatio=105&CP_Tire_Rim=26&CP_Tire_Width=185.html#ProductFilter proxy=, err= <class 'pycurl.error'> (28, 'Connection timed out after 30000 milliseconds')
2016-12-23 14:41:41 FAIL : req http://item.tuhu.cn/List/Tires/1/CP_Tire_AspectRatio=105&CP_Tire_Rim=12&CP_Tire_Width=185.html#ProductFilter proxy=, err= <class 'pycurl.error'> (28, 'Connection timed out after 30000 milliseconds')
2016-12-23 14:43:09 FAIL : req http://item.tuhu.cn/List/Tires/1/CP_Tire_AspectRatio=55&CP_Tire_Rim=45&CP_Tire_Width=185.html#ProductFilter proxy=, err= <class 'pycurl.error'> (28, 'Connection timed out after 30001 milliseconds')
2016-12-23 14:44:11 FAIL : req http://item.tuhu.cn/List/Tires/1/CP_Tire_AspectRatio=30&CP_Tire_Rim=22&CP_Tire_Width=185.html#ProductFilter proxy=, err= <class 'pycurl.error'> (28, 'Connection timed out after 30000 milliseconds')
2016-12-23 14:44:42 FAIL : req http://item.tuhu.cn/List/Tires/1/CP_Tire_AspectRatio=30&CP_Tire_Rim=22&CP_Tire_Width=185.html#ProductFilter proxy=, err= <class 'pycurl.error'> (28, 'Connection timed out after 30001 milliseconds')
2016-12-23 14:45:17 FAIL : req http://item.tuhu.cn/List/Tires/1/CP_Tire_AspectRatio=30&CP_Tire_Rim=28&CP_Tire_Width=185.html#ProductFilter proxy=, err= <class 'pycurl.error'> (28, 'Connection timed out after 30000 milliseconds')
2016-12-23 14:45:50 FAIL : req http://item.tuhu.cn/List/Tires/1/CP_Tire_AspectRatio=30&CP_Tire_Rim=16C&CP_Tire_Width=185.html#ProductFilter proxy=, err= <class 'pycurl.error'> (28, 'Connection timed out after 30000 milliseconds')
2016-12-23 14:46:21 FAIL : req http://item.tuhu.cn/List/Tires/1/CP_Tire_AspectRatio=30&CP_Tire_Rim=16C&CP_Tire_Width=185.html#ProductFilter proxy=, err= <class 'pycurl.error'> (28, 'Connection timed out after 30001 milliseconds')
2016-12-23 14:47:30 FAIL : req http://item.tuhu.cn/List/Tires/1/CP_Tire_AspectRatio=30&CP_Tire_Rim=19&CP_Tire_Width=185.html#ProductFilter proxy=, err= <class 'pycurl.error'> (28, 'Connection timed out after 30000 milliseconds')
2016-12-23 14:48:38 FAIL : req http://item.tuhu.cn/List/Tires/1/CP_Tire_AspectRatio=50&CP_Tire_Rim=14&CP_Tire_Width=185.html#ProductFilter proxy=, err= <class 'pycurl.error'> (28, 'Connection timed out after 30000 milliseconds')
2016-12-23 14:49:09 FAIL : req http://item.tuhu.cn/List/Tires/1/CP_Tire_AspectRatio=50&CP_Tire_Rim=14&CP_Tire_Width=185.html#ProductFilter proxy=, err= <class 'pycurl.error'> (28, 'Connection timed out after 30001 milliseconds')
2016-12-23 14:49:58 FAIL : req http://item.tuhu.cn/List/Tires/1/CP_Tire_AspectRatio=35&CP_Tire_Rim=45&CP_Tire_Width=185.html#ProductFilter proxy=, err= <class 'pycurl.error'> (28, 'Connection timed out after 30001 milliseconds')
2016-12-23 14:50:58 FAIL : req http://item.tuhu.cn/List/Tires/1/CP_Tire_AspectRatio=35&CP_Tire_Rim=14&CP_Tire_Width=185.html#ProductFilter proxy=, err= <class 'pycurl.error'> (28, 'Connection timed out after 30001 milliseconds')
2016-12-23 14:53:35 FAIL : req http://item.tuhu.cn/List/Tires/1/CP_Tire_AspectRatio=65&CP_Tire_Rim=13&CP_Tire_Width=195.html#ProductFilter proxy=, err= <class 'pycurl.error'> (28, 'Connection timed out after 30001 milliseconds')
2016-12-23 14:54:06 FAIL : req http://item.tuhu.cn/List/Tires/1/CP_Tire_AspectRatio=65&CP_Tire_Rim=13&CP_Tire_Width=195.html#ProductFilter proxy=, err= <class 'pycurl.error'> (28, 'Connection timed out after 30000 milliseconds')
2016-12-23 14:55:04 FAIL : req http://item.tuhu.cn/List/Tires/1/CP_Tire_AspectRatio=65&CP_Tire_Rim=19&CP_Tire_Width=195.html#ProductFilter proxy=, err= <class 'pycurl.error'> (28, 'Connection timed out after 30001 milliseconds')
2016-12-23 15:00:31 FAIL : req http://item.tuhu.cn/List/Tires/1/CP_Tire_AspectRatio=45&CP_Tire_Rim=16&CP_Tire_Width=195.html#ProductFilter proxy=, err= <class 'pycurl.error'> (28, 'Connection timed out after 30000 milliseconds')
2016-12-23 15:01:09 FAIL : req http://item.tuhu.cn/List/Tires/1/CP_Tire_AspectRatio=40&CP_Tire_Rim=26&CP_Tire_Width=195.html#ProductFilter proxy=, err= <class 'pycurl.error'> (28, 'Connection timed out after 30000 milliseconds')
2016-12-23 15:01:54 FAIL : req http://item.tuhu.cn/List/Tires/1/CP_Tire_AspectRatio=40&CP_Tire_Rim=11&CP_Tire_Width=195.html#ProductFilter proxy=, err= <class 'pycurl.error'> (28, 'Connection timed out after 30000 milliseconds')
2016-12-23 15:02:32 FAIL : req http://item.tuhu.cn/List/Tires/1/CP_Tire_AspectRatio=40&CP_Tire_Rim=15&CP_Tire_Width=195.html#ProductFilter proxy=, err= <class 'pycurl.error'> (28, 'Connection timed out after 30001 milliseconds')
2016-12-23 15:04:05 FAIL : req http://item.tuhu.cn/List/Tires/1/CP_Tire_AspectRatio=75&CP_Tire_Rim=45&CP_Tire_Width=195.html#ProductFilter proxy=, err= <class 'pycurl.error'> (28, 'Connection timed out after 30001 milliseconds')
2016-12-23 15:05:58 FAIL : req http://item.tuhu.cn/List/Tires/1/CP_Tire_AspectRatio=70&CP_Tire_Rim=22&CP_Tire_Width=195.html#ProductFilter proxy=, err= <class 'pycurl.error'> (28, 'Connection timed out after 30000 milliseconds')
2016-12-23 15:06:52 FAIL : req http://item.tuhu.cn/List/Tires/1/CP_Tire_AspectRatio=70&CP_Tire_Rim=16.5&CP_Tire_Width=195.html#ProductFilter proxy=, err= <class 'pycurl.error'> (28, 'Connection timed out after 30001 milliseconds')
2016-12-23 15:07:24 FAIL : req http://item.tuhu.cn/List/Tires/1/CP_Tire_AspectRatio=70&CP_Tire_Rim=14C&CP_Tire_Width=195.html#ProductFilter proxy=, err= <class 'pycurl.error'> (28, 'Connection timed out after 30000 milliseconds')
2016-12-23 15:08:25 FAIL : req http://item.tuhu.cn/List/Tires/1/CP_Tire_AspectRatio=105&CP_Tire_Rim=12C&CP_Tire_Width=195.html#ProductFilter proxy=, err= <class 'pycurl.error'> (28, 'Connection timed out after 30001 milliseconds')
2016-12-23 15:08:56 FAIL : req http://item.tuhu.cn/List/Tires/1/CP_Tire_AspectRatio=105&CP_Tire_Rim=12C&CP_Tire_Width=195.html#ProductFilter proxy=, err= <class 'pycurl.error'> (28, 'Connection timed out after 30001 milliseconds')
2016-12-23 15:12:30 FAIL : req http://item.tuhu.cn/List/Tires/1/CP_Tire_AspectRatio=35&CP_Tire_Rim=15&CP_Tire_Width=195.html#ProductFilter proxy=, err= <class 'pycurl.error'> (28, 'Connection timed out after 30001 milliseconds')
2016-12-23 15:13:17 FAIL : req http://item.tuhu.cn/List/Tires/1/CP_Tire_AspectRatio=16&CP_Tire_Rim=20&CP_Tire_Width=195.html#ProductFilter proxy=, err= <class 'pycurl.error'> (28, 'Connection timed out after 30000 milliseconds')
2016-12-23 15:14:27 FAIL : req http://item.tuhu.cn/List/Tires/1/CP_Tire_AspectRatio=16&CP_Tire_Rim=15C&CP_Tire_Width=195.html#ProductFilter proxy=, err= <class 'pycurl.error'> (28, 'Connection timed out after 30001 milliseconds')
2016-12-23 15:18:31 FAIL : req http://item.tuhu.cn/List/Tires/1/CP_Tire_AspectRatio=25&CP_Tire_Rim=13LT&CP_Tire_Width=650.html#ProductFilter proxy=, err= <class 'pycurl.error'> (28, 'Connection timed out after 30001 milliseconds')
2016-12-23 15:19:03 FAIL : req http://item.tuhu.cn/List/Tires/1/CP_Tire_AspectRatio=25&CP_Tire_Rim=24&CP_Tire_Width=650.html#ProductFilter proxy=, err= <class 'pycurl.error'> (28, 'Connection timed out after 30001 milliseconds')
2016-12-23 15:25:08 FAIL : req http://item.tuhu.cn/List/Tires/1/CP_Tire_AspectRatio=105&CP_Tire_Rim=16.5&CP_Tire_Width=650.html#ProductFilter proxy=, err= <class 'pycurl.error'> (28, 'Connection timed out after 30000 milliseconds')
2016-12-23 15:29:20 FAIL : req http://item.tuhu.cn/List/Tires/1/CP_Tire_AspectRatio=60&CP_Tire_Rim=16C&CP_Tire_Width=325.html#ProductFilter proxy=, err= <class 'pycurl.error'> (28, 'Connection timed out after 30000 milliseconds')
2016-12-23 15:30:01 FAIL : req http://item.tuhu.cn/List/Tires/1/CP_Tire_AspectRatio=60&CP_Tire_Rim=15&CP_Tire_Width=325.html#ProductFilter proxy=, err= <class 'pycurl.error'> (28, 'Connection timed out after 30001 milliseconds')
2016-12-23 15:30:32 FAIL : req http://item.tuhu.cn/List/Tires/1/CP_Tire_AspectRatio=60&CP_Tire_Rim=15&CP_Tire_Width=325.html#ProductFilter proxy=, err= <class 'pycurl.error'> (28, 'Connection timed out after 30001 milliseconds')
2016-12-23 15:32:04 FAIL : req http://item.tuhu.cn/List/Tires/1/CP_Tire_AspectRatio=65&CP_Tire_Rim=13&CP_Tire_Width=325.html#ProductFilter proxy=, err= <class 'pycurl.error'> (28, 'Connection timed out after 30000 milliseconds')
2016-12-23 15:33:45 FAIL : req http://item.tuhu.cn/List/Tires/1/CP_Tire_AspectRatio=80&CP_Tire_Rim=19&CP_Tire_Width=325.html#ProductFilter proxy=, err= <class 'pycurl.error'> (28, 'Connection timed out after 30001 milliseconds')
2016-12-23 15:48:56 FAIL : req http://item.tuhu.cn/List/Tires/1/CP_Tire_AspectRatio=45&CP_Tire_Rim=45&CP_Tire_Width=285.html#ProductFilter proxy=, err= <class 'pycurl.error'> (28, 'Connection timed out after 30001 milliseconds')
2016-12-23 15:49:48 FAIL : req http://item.tuhu.cn/List/Tires/1/CP_Tire_AspectRatio=45&CP_Tire_Rim=15C&CP_Tire_Width=285.html#ProductFilter proxy=, err= <class 'pycurl.error'> (28, 'Connection timed out after 30000 milliseconds')
2016-12-23 15:50:59 FAIL : req http://item.tuhu.cn/List/Tires/1/CP_Tire_AspectRatio=40&CP_Tire_Rim=12&CP_Tire_Width=285.html#ProductFilter proxy=, err= <class 'pycurl.error'> (28, 'Connection timed out after 30001 milliseconds')
2016-12-23 15:51:36 FAIL : req http://item.tuhu.cn/List/Tires/1/CP_Tire_AspectRatio=40&CP_Tire_Rim=16&CP_Tire_Width=285.html#ProductFilter proxy=, err= <class 'pycurl.error'> (28, 'Connection timed out after 30001 milliseconds')
2016-12-23 15:54:20 FAIL : req http://item.tuhu.cn/List/Tires/1/CP_Tire_AspectRatio=70&CP_Tire_Rim=19&CP_Tire_Width=285.html#ProductFilter proxy=, err= <class 'pycurl.error'> (28, 'Connection timed out after 30000 milliseconds')
2016-12-23 15:55:15 FAIL : req http://item.tuhu.cn/List/Tires/1/CP_Tire_AspectRatio=105&CP_Tire_Rim=V&CP_Tire_Width=285.html#ProductFilter proxy=, err= <class 'pycurl.error'> (28, 'Connection timed out after 30000 milliseconds')
2016-12-23 15:55:53 FAIL : req http://item.tuhu.cn/List/Tires/1/CP_Tire_AspectRatio=105&CP_Tire_Rim=17&CP_Tire_Width=285.html#ProductFilter proxy=, err= <class 'pycurl.error'> (28, 'Connection timed out after 30001 milliseconds')
2016-12-23 15:59:34 FAIL : req http://item.tuhu.cn/List/Tires/1/CP_Tire_AspectRatio=35&CP_Tire_Rim=18&CP_Tire_Width=285.html#ProductFilter proxy=, err= <class 'pycurl.error'> (28, 'Connection timed out after 30000 milliseconds')
2016-12-23 16:00:10 FAIL : req http://item.tuhu.cn/List/Tires/1/CP_Tire_AspectRatio=16&CP_Tire_Rim=26&CP_Tire_Width=285.html#ProductFilter proxy=, err= <class 'pycurl.error'> (28, 'Connection timed out after 30001 milliseconds')
2016-12-23 16:01:21 FAIL : req http://item.tuhu.cn/List/Tires/1/CP_Tire_AspectRatio=16&CP_Tire_Rim=17&CP_Tire_Width=285.html#ProductFilter proxy=, err= <class 'pycurl.error'> (28, 'Connection timed out after 30001 milliseconds')
2016-12-23 16:02:01 FAIL : req http://item.tuhu.cn/List/Tires/1/CP_Tire_AspectRatio=60&CP_Tire_Rim=26&CP_Tire_Width=145.html#ProductFilter proxy=, err= <class 'pycurl.error'> (28, 'Connection timed out after 30001 milliseconds')
2016-12-23 16:04:34 FAIL : req http://item.tuhu.cn/List/Tires/1/CP_Tire_AspectRatio=80&CP_Tire_Rim=540&CP_Tire_Width=145.html#ProductFilter proxy=, err= <class 'pycurl.error'> (28, 'Connection timed out after 30001 milliseconds')
2016-12-23 16:05:05 FAIL : req http://item.tuhu.cn/List/Tires/1/CP_Tire_AspectRatio=80&CP_Tire_Rim=540&CP_Tire_Width=145.html#ProductFilter proxy=, err= <class 'pycurl.error'> (28, 'Connection timed out after 30000 milliseconds')
2016-12-23 16:08:58 FAIL : req http://item.tuhu.cn/List/Tires/1/CP_Tire_AspectRatio=45&CP_Tire_Rim=540&CP_Tire_Width=145.html#ProductFilter proxy=, err= <class 'pycurl.error'> (28, 'Connection timed out after 30001 milliseconds')
2016-12-23 16:10:36 FAIL : req http://item.tuhu.cn/List/Tires/1/CP_Tire_AspectRatio=9.5&CP_Tire_Rim=45&CP_Tire_Width=145.html#ProductFilter proxy=, err= <class 'pycurl.error'> (28, 'Connection timed out after 30001 milliseconds')
2016-12-23 16:12:14 FAIL : req http://item.tuhu.cn/List/Tires/1/CP_Tire_AspectRatio=50Z&CP_Tire_Rim=23&CP_Tire_Width=145.html#ProductFilter proxy=, err= <class 'pycurl.error'> (28, 'Connection timed out after 30000 milliseconds')
2016-12-23 16:13:06 FAIL : req http://item.tuhu.cn/List/Tires/1/CP_Tire_AspectRatio=50Z&CP_Tire_Rim=16.5&CP_Tire_Width=145.html#ProductFilter proxy=, err= <class 'pycurl.error'> (28, 'Connection timed out after 30000 milliseconds')
2016-12-23 16:14:06 FAIL : req http://item.tuhu.cn/List/Tires/1/CP_Tire_AspectRatio=50Z&CP_Tire_Rim=19&CP_Tire_Width=145.html#ProductFilter proxy=, err= <class 'pycurl.error'> (28, 'Connection timed out after 30001 milliseconds')
2016-12-23 16:15:46 FAIL : req http://item.tuhu.cn/List/Tires/1/CP_Tire_AspectRatio=105&CP_Tire_Rim=12C&CP_Tire_Width=145.html#ProductFilter proxy=, err= <class 'pycurl.error'> (28, 'Connection timed out after 30001 milliseconds')
2016-12-23 16:18:44 FAIL : req http://item.tuhu.cn/List/Tires/1/CP_Tire_AspectRatio=50&CP_Tire_Rim=540&CP_Tire_Width=145.html#ProductFilter proxy=, err= <class 'pycurl.error'> (28, 'Connection timed out after 30001 milliseconds')
2016-12-23 16:19:15 FAIL : req http://item.tuhu.cn/List/Tires/1/CP_Tire_AspectRatio=50&CP_Tire_Rim=540&CP_Tire_Width=145.html#ProductFilter proxy=, err= <class 'pycurl.error'> (28, 'Connection timed out after 30000 milliseconds')
2016-12-23 16:22:57 FAIL : req http://item.tuhu.cn/List/Tires/1/CP_Tire_AspectRatio=12.5&CP_Tire_Rim=20&CP_Tire_Width=205.html#ProductFilter proxy=, err= <class 'pycurl.error'> (28, 'Connection timed out after 30001 milliseconds')
2016-12-23 16:23:35 FAIL : req http://item.tuhu.cn/List/Tires/1/CP_Tire_AspectRatio=12.5&CP_Tire_Rim=540&CP_Tire_Width=205.html#ProductFilter proxy=, err= <class 'pycurl.error'> (28, 'Connection timed out after 30001 milliseconds')
2016-12-23 16:30:05 FAIL : req http://item.tuhu.cn/List/Tires/1/CP_Tire_AspectRatio=50Z&CP_Tire_Rim=24&CP_Tire_Width=205.html#ProductFilter proxy=, err= <class 'pycurl.error'> (28, 'Connection timed out after 30000 milliseconds')
2016-12-23 16:30:37 FAIL : req http://item.tuhu.cn/List/Tires/1/CP_Tire_AspectRatio=50Z&CP_Tire_Rim=26&CP_Tire_Width=205.html#ProductFilter proxy=, err= <class 'pycurl.error'> (28, 'Connection timed out after 30000 milliseconds')
2016-12-23 16:31:35 FAIL : req http://item.tuhu.cn/List/Tires/1/CP_Tire_AspectRatio=50Z&CP_Tire_Rim=13C&CP_Tire_Width=205.html#ProductFilter proxy=, err= <class 'pycurl.error'> (28, 'Connection timed out after 30000 milliseconds')
2016-12-23 16:32:06 FAIL : req http://item.tuhu.cn/List/Tires/1/CP_Tire_AspectRatio=50Z&CP_Tire_Rim=13C&CP_Tire_Width=205.html#ProductFilter proxy=, err= <class 'pycurl.error'> (28, 'Connection timed out after 30001 milliseconds')
2016-12-23 16:36:27 FAIL : req http://item.tuhu.cn/List/Tires/1/CP_Tire_AspectRatio=30&CP_Tire_Rim=11&CP_Tire_Width=205.html#ProductFilter proxy=, err= <class 'pycurl.error'> (28, 'Connection timed out after 30000 milliseconds')
2016-12-23 16:47:11 FAIL : req http://item.tuhu.cn/List/Tires/1/CP_Tire_AspectRatio=70&CP_Tire_Rim=28&CP_Tire_Width=30x9.5.html#ProductFilter proxy=, err= <class 'pycurl.error'> (28, 'Connection timed out after 30000 milliseconds')
2016-12-23 16:47:43 FAIL : req http://item.tuhu.cn/List/Tires/1/CP_Tire_AspectRatio=70&CP_Tire_Rim=540&CP_Tire_Width=30x9.5.html#ProductFilter proxy=, err= <class 'pycurl.error'> (28, 'Connection timed out after 30000 milliseconds')
2016-12-23 16:49:15 FAIL : req http://item.tuhu.cn/List/Tires/1/CP_Tire_AspectRatio=105&CP_Tire_Rim=13C&CP_Tire_Width=30x9.5.html#ProductFilter proxy=, err= <class 'pycurl.error'> (28, 'Connection timed out after 30000 milliseconds')
2016-12-23 16:51:36 FAIL : req http://item.tuhu.cn/List/Tires/1/CP_Tire_AspectRatio=30&CP_Tire_Rim=22&CP_Tire_Width=30x9.5.html#ProductFilter proxy=, err= <class 'pycurl.error'> (28, 'Connection timed out after 30001 milliseconds')
2016-12-23 16:52:45 FAIL : req http://item.tuhu.cn/List/Tires/1/CP_Tire_AspectRatio=50&CP_Tire_Rim=16.5&CP_Tire_Width=30x9.5.html#ProductFilter proxy=, err= <class 'pycurl.error'> (28, 'Connection timed out after 30000 milliseconds')
2016-12-23 16:53:22 FAIL : req http://item.tuhu.cn/List/Tires/1/CP_Tire_AspectRatio=50&CP_Tire_Rim=13&CP_Tire_Width=30x9.5.html#ProductFilter proxy=, err= <class 'pycurl.error'> (28, 'Connection timed out after 30001 milliseconds')
2016-12-23 16:57:02 FAIL : req http://item.tuhu.cn/List/Tires/1/CP_Tire_AspectRatio=80&CP_Tire_Rim=22&CP_Tire_Width=32x11.5.html#ProductFilter proxy=, err= <class 'pycurl.error'> (28, 'Connection timed out after 30000 milliseconds')
2016-12-23 16:57:48 FAIL : req http://item.tuhu.cn/List/Tires/1/CP_Tire_AspectRatio=80&CP_Tire_Rim=13C&CP_Tire_Width=32x11.5.html#ProductFilter proxy=, err= <class 'pycurl.error'> (28, 'Connection timed out after 30000 milliseconds')
2016-12-23 16:59:03 FAIL : req http://item.tuhu.cn/List/Tires/1/CP_Tire_AspectRatio=85&CP_Tire_Rim=15&CP_Tire_Width=32x11.5.html#ProductFilter proxy=, err= <class 'pycurl.error'> (28, 'Connection timed out after 30000 milliseconds')
2016-12-23 16:59:42 FAIL : req http://item.tuhu.cn/List/Tires/1/CP_Tire_AspectRatio=85&CP_Tire_Rim=19&CP_Tire_Width=32x11.5.html#ProductFilter proxy=, err= <class 'pycurl.error'> (28, 'Connection timed out after 30001 milliseconds')
2016-12-23 17:00:13 FAIL : req http://item.tuhu.cn/List/Tires/1/CP_Tire_AspectRatio=85&CP_Tire_Rim=19&CP_Tire_Width=32x11.5.html#ProductFilter proxy=, err= <class 'pycurl.error'> (28, 'Connection timed out after 30000 milliseconds')
2016-12-23 17:00:45 FAIL : req http://item.tuhu.cn/List/Tires/1/CP_Tire_AspectRatio=85&CP_Tire_Rim=18&CP_Tire_Width=32x11.5.html#ProductFilter proxy=, err= <class 'pycurl.error'> (28, 'Connection timed out after 30001 milliseconds')
2016-12-23 17:01:17 FAIL : req http://item.tuhu.cn/List/Tires/1/CP_Tire_AspectRatio=85&CP_Tire_Rim=15C&CP_Tire_Width=32x11.5.html#ProductFilter proxy=, err= <class 'pycurl.error'> (28, 'Connection timed out after 30001 milliseconds')
2016-12-23 17:01:49 FAIL : req http://item.tuhu.cn/List/Tires/1/CP_Tire_AspectRatio=25&CP_Tire_Rim=13LT&CP_Tire_Width=32x11.5.html#ProductFilter proxy=, err= <class 'pycurl.error'> (28, 'Connection timed out after 30000 milliseconds')
2016-12-23 17:02:41 FAIL : req http://item.tuhu.cn/List/Tires/1/CP_Tire_AspectRatio=25&CP_Tire_Rim=16.5&CP_Tire_Width=32x11.5.html#ProductFilter proxy=, err= <class 'pycurl.error'> (28, 'Connection timed out after 30000 milliseconds')
2016-12-23 17:03:12 FAIL : req http://item.tuhu.cn/List/Tires/1/CP_Tire_AspectRatio=25&CP_Tire_Rim=16.5&CP_Tire_Width=32x11.5.html#ProductFilter proxy=, err= <class 'pycurl.error'> (28, 'Connection timed out after 30000 milliseconds')
2016-12-23 17:03:51 FAIL : req http://item.tuhu.cn/List/Tires/1/CP_Tire_AspectRatio=25&CP_Tire_Rim=12&CP_Tire_Width=32x11.5.html#ProductFilter proxy=, err= <class 'pycurl.error'> (28, 'Connection timed out after 30000 milliseconds')
2016-12-23 17:04:27 FAIL : req http://item.tuhu.cn/List/Tires/1/CP_Tire_AspectRatio=25&CP_Tire_Rim=16&CP_Tire_Width=32x11.5.html#ProductFilter proxy=, err= <class 'pycurl.error'> (28, 'Connection timed out after 30001 milliseconds')
2016-12-23 17:06:29 FAIL : req http://item.tuhu.cn/List/Tires/1/CP_Tire_AspectRatio=11.5&CP_Tire_Rim=17&CP_Tire_Width=32x11.5.html#ProductFilter proxy=, err= <class 'pycurl.error'> (28, 'Connection timed out after 30000 milliseconds')
2016-12-23 17:08:06 FAIL : req http://item.tuhu.cn/List/Tires/1/CP_Tire_AspectRatio=40&CP_Tire_Rim=22&CP_Tire_Width=32x11.5.html#ProductFilter proxy=, err= <class 'pycurl.error'> (28, 'Connection timed out after 30000 milliseconds')
2016-12-23 17:08:37 FAIL : req http://item.tuhu.cn/List/Tires/1/CP_Tire_AspectRatio=40&CP_Tire_Rim=22&CP_Tire_Width=32x11.5.html#ProductFilter proxy=, err= <class 'pycurl.error'> (28, 'Connection timed out after 30000 milliseconds')
2016-12-23 17:09:33 FAIL : req http://item.tuhu.cn/List/Tires/1/CP_Tire_AspectRatio=40&CP_Tire_Rim=17&CP_Tire_Width=32x11.5.html#ProductFilter proxy=, err= <class 'pycurl.error'> (28, 'Connection timed out after 30001 milliseconds')
2016-12-23 17:10:04 FAIL : req http://item.tuhu.cn/List/Tires/1/CP_Tire_AspectRatio=40&CP_Tire_Rim=17&CP_Tire_Width=32x11.5.html#ProductFilter proxy=, err= <class 'pycurl.error'> (28, 'Connection timed out after 30001 milliseconds')
2016-12-23 17:10:51 FAIL : req http://item.tuhu.cn/List/Tires/1/CP_Tire_AspectRatio=9.5&CP_Tire_Rim=45&CP_Tire_Width=32x11.5.html#ProductFilter proxy=, err= <class 'pycurl.error'> (28, 'Connection timed out after 30000 milliseconds')
2016-12-23 17:11:23 FAIL : req http://item.tuhu.cn/List/Tires/1/CP_Tire_AspectRatio=9.5&CP_Tire_Rim=28&CP_Tire_Width=32x11.5.html#ProductFilter proxy=, err= <class 'pycurl.error'> (28, 'Connection timed out after 30000 milliseconds')
2016-12-23 17:11:54 FAIL : req http://item.tuhu.cn/List/Tires/1/CP_Tire_AspectRatio=9.5&CP_Tire_Rim=28&CP_Tire_Width=32x11.5.html#ProductFilter proxy=, err= <class 'pycurl.error'> (28, 'Connection timed out after 30000 milliseconds')
2016-12-23 17:12:25 FAIL : req http://item.tuhu.cn/List/Tires/1/CP_Tire_AspectRatio=9.5&CP_Tire_Rim=28&CP_Tire_Width=32x11.5.html#ProductFilter proxy=, err= <class 'pycurl.error'> (28, 'Connection timed out after 30000 milliseconds')
2016-12-23 17:12:57 FAIL : req http://item.tuhu.cn/List/Tires/1/CP_Tire_AspectRatio=9.5&CP_Tire_Rim=540&CP_Tire_Width=32x11.5.html#ProductFilter proxy=, err= <class 'pycurl.error'> (28, 'Connection timed out after 30000 milliseconds')
2016-12-23 17:14:15 FAIL : req http://item.tuhu.cn/List/Tires/1/CP_Tire_AspectRatio=75&CP_Tire_Rim=23&CP_Tire_Width=32x11.5.html#ProductFilter proxy=, err= <class 'pycurl.error'> (28, 'Connection timed out after 30001 milliseconds')
2016-12-23 17:14:50 FAIL : req http://item.tuhu.cn/List/Tires/1/CP_Tire_AspectRatio=75&CP_Tire_Rim=45&CP_Tire_Width=32x11.5.html#ProductFilter proxy=, err= <class 'pycurl.error'> (28, 'Connection timed out after 30001 milliseconds')
2016-12-23 17:17:12 FAIL : req http://item.tuhu.cn/List/Tires/1/CP_Tire_AspectRatio=105&CP_Tire_Rim=18&CP_Tire_Width=32x11.5.html#ProductFilter proxy=, err= <class 'pycurl.error'> (28, 'Connection timed out after 30000 milliseconds')
2016-12-23 17:17:49 FAIL : req http://item.tuhu.cn/List/Tires/1/CP_Tire_AspectRatio=55Z&CP_Tire_Rim=12C&CP_Tire_Width=32x11.5.html#ProductFilter proxy=, err= <class 'pycurl.error'> (28, 'Connection timed out after 30000 milliseconds')
2016-12-23 17:18:35 FAIL : req http://item.tuhu.cn/List/Tires/1/CP_Tire_AspectRatio=55Z&CP_Tire_Rim=V&CP_Tire_Width=32x11.5.html#ProductFilter proxy=, err= <class 'pycurl.error'> (28, 'Connection timed out after 30000 milliseconds')
2016-12-23 17:19:14 FAIL : req http://item.tuhu.cn/List/Tires/1/CP_Tire_AspectRatio=55Z&CP_Tire_Rim=13C&CP_Tire_Width=32x11.5.html#ProductFilter proxy=, err= <class 'pycurl.error'> (28, 'Connection timed out after 30000 milliseconds')
2016-12-23 17:19:51 FAIL : req http://item.tuhu.cn/List/Tires/1/CP_Tire_AspectRatio=55Z&CP_Tire_Rim=17&CP_Tire_Width=32x11.5.html#ProductFilter proxy=, err= <class 'pycurl.error'> (28, 'Connection timed out after 30000 milliseconds')
2016-12-23 17:20:22 FAIL : req http://item.tuhu.cn/List/Tires/1/CP_Tire_AspectRatio=55Z&CP_Tire_Rim=17&CP_Tire_Width=32x11.5.html#ProductFilter proxy=, err= <class 'pycurl.error'> (28, 'Connection timed out after 30001 milliseconds')
2016-12-23 17:21:05 FAIL : req http://item.tuhu.cn/List/Tires/1/CP_Tire_AspectRatio=55&CP_Tire_Rim=21&CP_Tire_Width=32x11.5.html#ProductFilter proxy=, err= <class 'pycurl.error'> (28, 'Connection timed out after 30000 milliseconds')
2016-12-23 17:21:54 FAIL : req http://item.tuhu.cn/List/Tires/1/CP_Tire_AspectRatio=55&CP_Tire_Rim=13&CP_Tire_Width=32x11.5.html#ProductFilter proxy=, err= <class 'pycurl.error'> (28, 'Connection timed out after 30001 milliseconds')
2016-12-23 17:23:28 FAIL : req http://item.tuhu.cn/List/Tires/1/CP_Tire_AspectRatio=50&CP_Tire_Rim=26&CP_Tire_Width=32x11.5.html#ProductFilter proxy=, err= <class 'pycurl.error'> (28, 'Connection timed out after 30001 milliseconds')
2016-12-23 17:24:18 FAIL : req http://item.tuhu.cn/List/Tires/1/CP_Tire_AspectRatio=50&CP_Tire_Rim=14C&CP_Tire_Width=32x11.5.html#ProductFilter proxy=, err= <class 'pycurl.error'> (28, 'Connection timed out after 30000 milliseconds')
2016-12-23 17:24:49 FAIL : req http://item.tuhu.cn/List/Tires/1/CP_Tire_AspectRatio=50&CP_Tire_Rim=14C&CP_Tire_Width=32x11.5.html#ProductFilter proxy=, err= <class 'pycurl.error'> (28, 'Connection timed out after 30000 milliseconds')
2016-12-23 17:25:25 FAIL : req http://item.tuhu.cn/List/Tires/1/CP_Tire_AspectRatio=50&CP_Tire_Rim=13&CP_Tire_Width=32x11.5.html#ProductFilter proxy=, err= <class 'pycurl.error'> (28, 'Connection timed out after 30000 milliseconds')
2016-12-23 17:25:56 FAIL : req http://item.tuhu.cn/List/Tires/1/CP_Tire_AspectRatio=50&CP_Tire_Rim=13&CP_Tire_Width=32x11.5.html#ProductFilter proxy=, err= <class 'pycurl.error'> (28, 'Connection timed out after 30000 milliseconds')
2016-12-23 17:26:27 FAIL : req http://item.tuhu.cn/List/Tires/1/CP_Tire_AspectRatio=50&CP_Tire_Rim=13&CP_Tire_Width=32x11.5.html#ProductFilter proxy=, err= <class 'pycurl.error'> (28, 'Connection timed out after 30000 milliseconds')
2016-12-23 17:27:04 FAIL : req http://item.tuhu.cn/List/Tires/1/CP_Tire_AspectRatio=50&CP_Tire_Rim=16&CP_Tire_Width=32x11.5.html#ProductFilter proxy=, err= <class 'pycurl.error'> (28, 'Connection timed out after 30001 milliseconds')
2016-12-23 17:27:36 FAIL : req http://item.tuhu.cn/List/Tires/1/CP_Tire_AspectRatio=50&CP_Tire_Rim=19&CP_Tire_Width=32x11.5.html#ProductFilter proxy=, err= <class 'pycurl.error'> (28, 'Connection timed out after 30001 milliseconds')
2016-12-23 17:28:07 FAIL : req http://item.tuhu.cn/List/Tires/1/CP_Tire_AspectRatio=50&CP_Tire_Rim=19&CP_Tire_Width=32x11.5.html#ProductFilter proxy=, err= <class 'pycurl.error'> (28, 'Connection timed out after 30001 milliseconds')
2016-12-23 17:28:38 FAIL : req http://item.tuhu.cn/List/Tires/1/CP_Tire_AspectRatio=50&CP_Tire_Rim=19&CP_Tire_Width=32x11.5.html#ProductFilter proxy=, err= <class 'pycurl.error'> (28, 'Connection timed out after 30000 milliseconds')
2016-12-23 17:29:10 FAIL : req http://item.tuhu.cn/List/Tires/1/CP_Tire_AspectRatio=50&CP_Tire_Rim=18&CP_Tire_Width=32x11.5.html#ProductFilter proxy=, err= <class 'pycurl.error'> (28, 'Connection timed out after 30001 milliseconds')
2016-12-23 17:29:42 FAIL : req http://item.tuhu.cn/List/Tires/1/CP_Tire_AspectRatio=50&CP_Tire_Rim=15C&CP_Tire_Width=32x11.5.html#ProductFilter proxy=, err= <class 'pycurl.error'> (28, 'Connection timed out after 30000 milliseconds')
2016-12-23 17:30:13 FAIL : req http://item.tuhu.cn/List/Tires/1/CP_Tire_AspectRatio=50&CP_Tire_Rim=15C&CP_Tire_Width=32x11.5.html#ProductFilter proxy=, err= <class 'pycurl.error'> (28, 'Connection timed out after 30000 milliseconds')
2016-12-23 17:30:44 FAIL : req http://item.tuhu.cn/List/Tires/1/CP_Tire_AspectRatio=50&CP_Tire_Rim=15C&CP_Tire_Width=32x11.5.html#ProductFilter proxy=, err= <class 'pycurl.error'> (28, 'Connection timed out after 30000 milliseconds')
2016-12-23 17:31:22 FAIL : req http://item.tuhu.cn/List/Tires/1/CP_Tire_AspectRatio=35&CP_Tire_Rim=21&CP_Tire_Width=32x11.5.html#ProductFilter proxy=, err= <class 'pycurl.error'> (28, 'Connection timed out after 30001 milliseconds')
2016-12-23 17:31:54 FAIL : req http://item.tuhu.cn/List/Tires/1/CP_Tire_AspectRatio=35&CP_Tire_Rim=22&CP_Tire_Width=32x11.5.html#ProductFilter proxy=, err= <class 'pycurl.error'> (28, 'Connection timed out after 30000 milliseconds')
2016-12-23 17:32:31 FAIL : req http://item.tuhu.cn/List/Tires/1/CP_Tire_AspectRatio=35&CP_Tire_Rim=28&CP_Tire_Width=32x11.5.html#ProductFilter proxy=, err= <class 'pycurl.error'> (28, 'Connection timed out after 30000 milliseconds')
2016-12-23 17:34:50 FAIL : req http://item.tuhu.cn/List/Tires/1/CP_Tire_AspectRatio=60&CP_Tire_Rim=13C&CP_Tire_Width=305.html#ProductFilter proxy=, err= <class 'pycurl.error'> (28, 'Connection timed out after 30001 milliseconds')
2016-12-23 17:35:21 FAIL : req http://item.tuhu.cn/List/Tires/1/CP_Tire_AspectRatio=60&CP_Tire_Rim=13C&CP_Tire_Width=305.html#ProductFilter proxy=, err= <class 'pycurl.error'> (28, 'Connection timed out after 30001 milliseconds')
2016-12-23 17:36:06 FAIL : req http://item.tuhu.cn/List/Tires/1/CP_Tire_AspectRatio=65&CP_Tire_Rim=26&CP_Tire_Width=305.html#ProductFilter proxy=, err= <class 'pycurl.error'> (28, 'Connection timed out after 30000 milliseconds')
2016-12-23 17:36:37 FAIL : req http://item.tuhu.cn/List/Tires/1/CP_Tire_AspectRatio=65&CP_Tire_Rim=26&CP_Tire_Width=305.html#ProductFilter proxy=, err= <class 'pycurl.error'> (28, 'Connection timed out after 30000 milliseconds')
2016-12-23 17:37:15 FAIL : req http://item.tuhu.cn/List/Tires/1/CP_Tire_AspectRatio=65&CP_Tire_Rim=45&CP_Tire_Width=305.html#ProductFilter proxy=, err= <class 'pycurl.error'> (28, 'Connection timed out after 30000 milliseconds')
2016-12-23 17:37:57 FAIL : req http://item.tuhu.cn/List/Tires/1/CP_Tire_AspectRatio=65&CP_Tire_Rim=13&CP_Tire_Width=305.html#ProductFilter proxy=, err= <class 'pycurl.error'> (28, 'Connection timed out after 30000 milliseconds')
2016-12-23 17:38:28 FAIL : req http://item.tuhu.cn/List/Tires/1/CP_Tire_AspectRatio=65&CP_Tire_Rim=13&CP_Tire_Width=305.html#ProductFilter proxy=, err= <class 'pycurl.error'> (28, 'Connection timed out after 30000 milliseconds')
2016-12-23 17:38:59 FAIL : req http://item.tuhu.cn/List/Tires/1/CP_Tire_AspectRatio=65&CP_Tire_Rim=13&CP_Tire_Width=305.html#ProductFilter proxy=, err= <class 'pycurl.error'> (28, 'Connection timed out after 30000 milliseconds')
2016-12-23 17:39:53 FAIL : req http://item.tuhu.cn/List/Tires/1/CP_Tire_AspectRatio=12.5&CP_Tire_Rim=28&CP_Tire_Width=305.html#ProductFilter proxy=, err= <class 'pycurl.error'> (28, 'Connection timed out after 30001 milliseconds')
2016-12-23 17:40:25 FAIL : req http://item.tuhu.cn/List/Tires/1/CP_Tire_AspectRatio=12.5&CP_Tire_Rim=540&CP_Tire_Width=305.html#ProductFilter proxy=, err= <class 'pycurl.error'> (28, 'Connection timed out after 30000 milliseconds')
2016-12-23 17:41:03 FAIL : req http://item.tuhu.cn/List/Tires/1/CP_Tire_AspectRatio=12.5&CP_Tire_Rim=V&CP_Tire_Width=305.html#ProductFilter proxy=, err= <class 'pycurl.error'> (28, 'Connection timed out after 30001 milliseconds')
2016-12-23 17:41:49 FAIL : req http://item.tuhu.cn/List/Tires/1/CP_Tire_AspectRatio=80&CP_Tire_Rim=24&CP_Tire_Width=305.html#ProductFilter proxy=, err= <class 'pycurl.error'> (28, 'Connection timed out after 30000 milliseconds')
2016-12-23 17:42:20 FAIL : req http://item.tuhu.cn/List/Tires/1/CP_Tire_AspectRatio=80&CP_Tire_Rim=24&CP_Tire_Width=305.html#ProductFilter proxy=, err= <class 'pycurl.error'> (28, 'Connection timed out after 30000 milliseconds')
2016-12-23 17:44:05 FAIL : req http://item.tuhu.cn/List/Tires/1/CP_Tire_AspectRatio=85&CP_Tire_Rim=16&CP_Tire_Width=305.html#ProductFilter proxy=, err= <class 'pycurl.error'> (28, 'Connection timed out after 30000 milliseconds')
2016-12-23 17:44:48 FAIL : req http://item.tuhu.cn/List/Tires/1/CP_Tire_AspectRatio=25&CP_Tire_Rim=22&CP_Tire_Width=305.html#ProductFilter proxy=, err= <class 'pycurl.error'> (28, 'Connection timed out after 30001 milliseconds')
2016-12-23 17:45:19 FAIL : req http://item.tuhu.cn/List/Tires/1/CP_Tire_AspectRatio=25&CP_Tire_Rim=22&CP_Tire_Width=305.html#ProductFilter proxy=, err= <class 'pycurl.error'> (28, 'Connection timed out after 30001 milliseconds')
2016-12-23 17:45:51 FAIL : req http://item.tuhu.cn/List/Tires/1/CP_Tire_AspectRatio=25&CP_Tire_Rim=23&CP_Tire_Width=305.html#ProductFilter proxy=, err= <class 'pycurl.error'> (28, 'Connection timed out after 30000 milliseconds')
2016-12-23 17:47:00 FAIL : req http://item.tuhu.cn/List/Tires/1/CP_Tire_AspectRatio=10.5&CP_Tire_Rim=24&CP_Tire_Width=305.html#ProductFilter proxy=, err= <class 'pycurl.error'> (28, 'Connection timed out after 30001 milliseconds')
2016-12-23 17:48:36 FAIL : req http://item.tuhu.cn/List/Tires/1/CP_Tire_AspectRatio=790&CP_Tire_Rim=13&CP_Tire_Width=305.html#ProductFilter proxy=, err= <class 'pycurl.error'> (28, 'Connection timed out after 30000 milliseconds')
2016-12-23 17:58:43 FAIL : req http://item.tuhu.cn/List/Tires/1/CP_Tire_AspectRatio=65&CP_Tire_Rim=540&CP_Tire_Width=245.html#ProductFilter proxy=, err= <class 'pycurl.error'> (28, 'Connection timed out after 30000 milliseconds')
2016-12-23 18:00:21 FAIL : req http://item.tuhu.cn/List/Tires/1/CP_Tire_AspectRatio=12.5&CP_Tire_Rim=13LT&CP_Tire_Width=245.html#ProductFilter proxy=, err= <class 'pycurl.error'> (28, 'Connection timed out after 30000 milliseconds')
2016-12-23 18:01:03 FAIL : req http://item.tuhu.cn/List/Tires/1/CP_Tire_AspectRatio=12.5&CP_Tire_Rim=12C&CP_Tire_Width=245.html#ProductFilter proxy=, err= <class 'pycurl.error'> (28, 'Connection timed out after 30001 milliseconds')
2016-12-23 18:01:35 FAIL : req http://item.tuhu.cn/List/Tires/1/CP_Tire_AspectRatio=12.5&CP_Tire_Rim=20&CP_Tire_Width=245.html#ProductFilter proxy=, err= <class 'pycurl.error'> (28, 'Connection timed out after 30001 milliseconds')
2016-12-23 18:02:06 FAIL : req http://item.tuhu.cn/List/Tires/1/CP_Tire_AspectRatio=12.5&CP_Tire_Rim=20&CP_Tire_Width=245.html#ProductFilter proxy=, err= <class 'pycurl.error'> (28, 'Connection timed out after 30001 milliseconds')
2016-12-23 18:03:12 FAIL : req http://item.tuhu.cn/List/Tires/1/CP_Tire_AspectRatio=80&CP_Tire_Rim=20&CP_Tire_Width=245.html#ProductFilter proxy=, err= <class 'pycurl.error'> (28, 'Connection timed out after 30000 milliseconds')
2016-12-23 18:03:50 FAIL : req http://item.tuhu.cn/List/Tires/1/CP_Tire_AspectRatio=80&CP_Tire_Rim=28&CP_Tire_Width=245.html#ProductFilter proxy=, err= <class 'pycurl.error'> (28, 'Connection timed out after 30000 milliseconds')
2016-12-23 18:04:50 FAIL : req http://item.tuhu.cn/List/Tires/1/CP_Tire_AspectRatio=85&CP_Tire_Rim=23&CP_Tire_Width=245.html#ProductFilter proxy=, err= <class 'pycurl.error'> (28, 'Connection timed out after 30000 milliseconds')
2016-12-23 18:05:25 FAIL : req http://item.tuhu.cn/List/Tires/1/CP_Tire_AspectRatio=85&CP_Tire_Rim=540&CP_Tire_Width=245.html#ProductFilter proxy=, err= <class 'pycurl.error'> (28, 'Connection timed out after 30001 milliseconds')
2016-12-23 18:07:06 FAIL : req http://item.tuhu.cn/List/Tires/1/CP_Tire_AspectRatio=10.5&CP_Tire_Rim=16C&CP_Tire_Width=245.html#ProductFilter proxy=, err= <class 'pycurl.error'> (28, 'Connection timed out after 30000 milliseconds')
2016-12-23 18:07:57 FAIL : req http://item.tuhu.cn/List/Tires/1/CP_Tire_AspectRatio=10.5&CP_Tire_Rim=13C&CP_Tire_Width=245.html#ProductFilter proxy=, err= <class 'pycurl.error'> (28, 'Connection timed out after 30000 milliseconds')
2016-12-23 18:08:35 FAIL : req http://item.tuhu.cn/List/Tires/1/CP_Tire_AspectRatio=10.5&CP_Tire_Rim=17&CP_Tire_Width=245.html#ProductFilter proxy=, err= <class 'pycurl.error'> (28, 'Connection timed out after 30001 milliseconds')
2016-12-23 18:09:35 FAIL : req http://item.tuhu.cn/List/Tires/1/CP_Tire_AspectRatio=790&CP_Tire_Rim=22&CP_Tire_Width=245.html#ProductFilter proxy=, err= <class 'pycurl.error'> (28, 'Connection timed out after 30001 milliseconds')
2016-12-23 18:10:07 FAIL : req http://item.tuhu.cn/List/Tires/1/CP_Tire_AspectRatio=790&CP_Tire_Rim=23&CP_Tire_Width=245.html#ProductFilter proxy=, err= <class 'pycurl.error'> (28, 'Connection timed out after 30000 milliseconds')
2016-12-23 18:12:37 FAIL : req http://item.tuhu.cn/List/Tires/1/CP_Tire_AspectRatio=40&CP_Tire_Rim=12C&CP_Tire_Width=245.html#ProductFilter proxy=, err= <class 'pycurl.error'> (28, 'Connection timed out after 30001 milliseconds')
2016-12-23 18:14:00 FAIL : req http://item.tuhu.cn/List/Tires/1/CP_Tire_AspectRatio=9.5&CP_Tire_Rim=11&CP_Tire_Width=245.html#ProductFilter proxy=, err= <class 'pycurl.error'> (28, 'Connection timed out after 30000 milliseconds')
2016-12-23 18:15:20 FAIL : req http://item.tuhu.cn/List/Tires/1/CP_Tire_AspectRatio=75&CP_Tire_Rim=540&CP_Tire_Width=245.html#ProductFilter proxy=, err= <class 'pycurl.error'> (28, 'Connection timed out after 30001 milliseconds')
